# JRE version: Java(TM) SE Runtime Environment (17.0.8+9) (build 17.0.8+9-LTS-211)
# Java VM: Java HotSpot(TM) 64-Bit Server VM (17.0.8+9-LTS-211, mixed mode, sharing, tiered, compressed oops, compressed class ptrs, g1 gc, windows-amd64)
GC Precious Log:
 CPUs: 8 total, 8 available
 Memory: 7834M
 Large Page Support: Disabled
 NUMA Support: Disabled
 Compressed Oops: Enabled (32-bit)
 Heap Region Size: 1M
 Heap Min Capacity: 8M
 Heap Initial Capacity: 124M
 Heap Max Capacity: 1960M
 Pre-touch: Disabled
 Parallel Workers: 8
 Concurrent Workers: 2
 Concurrent Refinement Workers: 8
 Periodic GC: Disabled
Heap:
 garbage-first heap   total 84992K, used 38433K [0x0000000085800000, 0x0000000100000000)
  region size 1024K, 5 young (5120K), 1 survivors (1024K)
 Metaspace       used 64046K, committed 64640K, reserved 1114112K
  class space    used 8753K, committed 9024K, reserved 1048576K
GC Heap History (20 events):
Event: 3.505 GC heap before
{Heap before GC invocations=6 (full 0):
 garbage-first heap   total 65536K, used 51582K [0x0000000085800000, 0x0000000100000000)
  region size 1024K, 30 young (30720K), 5 survivors (5120K)
 Metaspace       used 29077K, committed 29440K, reserved 1114112K
  class space    used 3678K, committed 3840K, reserved 1048576K
}
Event: 3.512 GC heap after
{Heap after GC invocations=7 (full 0):
 garbage-first heap   total 65536K, used 24625K [0x0000000085800000, 0x0000000100000000)
  region size 1024K, 4 young (4096K), 4 survivors (4096K)
 Metaspace       used 29077K, committed 29440K, reserved 1114112K
  class space    used 3678K, committed 3840K, reserved 1048576K
}
Event: 4.164 GC heap before
{Heap before GC invocations=7 (full 0):
 garbage-first heap   total 65536K, used 47153K [0x0000000085800000, 0x0000000100000000)
  region size 1024K, 25 young (25600K), 4 survivors (4096K)
 Metaspace       used 33585K, committed 33984K, reserved 1114112K
  class space    used 4190K, committed 4352K, reserved 1048576K
}
Event: 4.169 GC heap after
{Heap after GC invocations=8 (full 0):
 garbage-first heap   total 65536K, used 26822K [0x0000000085800000, 0x0000000100000000)
  region size 1024K, 3 young (3072K), 3 survivors (3072K)
 Metaspace       used 33585K, committed 33984K, reserved 1114112K
  class space    used 4190K, committed 4352K, reserved 1048576K
}
Event: 4.512 GC heap before
{Heap before GC invocations=8 (full 0):
 garbage-first heap   total 65536K, used 36038K [0x0000000085800000, 0x0000000100000000)
  region size 1024K, 13 young (13312K), 3 survivors (3072K)
 Metaspace       used 35586K, committed 35968K, reserved 1114112K
  class space    used 4452K, committed 4608K, reserved 1048576K
}
Event: 4.516 GC heap after
{Heap after GC invocations=9 (full 0):
 garbage-first heap   total 65536K, used 27795K [0x0000000085800000, 0x0000000100000000)
  region size 1024K, 2 young (2048K), 2 survivors (2048K)
 Metaspace       used 35586K, committed 35968K, reserved 1114112K
  class space    used 4452K, committed 4608K, reserved 1048576K
}
Event: 5.243 GC heap before
{Heap before GC invocations=10 (full 0):
 garbage-first heap   total 65536K, used 48275K [0x0000000085800000, 0x0000000100000000)
  region size 1024K, 22 young (22528K), 2 survivors (2048K)
 Metaspace       used 40553K, committed 41024K, reserved 1114112K
  class space    used 5294K, committed 5568K, reserved 1048576K
}
Event: 5.246 GC heap after
{Heap after GC invocations=11 (full 0):
 garbage-first heap   total 65536K, used 28652K [0x0000000085800000, 0x0000000100000000)
  region size 1024K, 3 young (3072K), 3 survivors (3072K)
 Metaspace       used 40553K, committed 41024K, reserved 1114112K
  class space    used 5294K, committed 5568K, reserved 1048576K
}
Event: 5.295 GC heap before
{Heap before GC invocations=11 (full 0):
 garbage-first heap   total 65536K, used 29676K [0x0000000085800000, 0x0000000100000000)
  region size 1024K, 4 young (4096K), 3 survivors (3072K)
 Metaspace       used 40834K, committed 41280K, reserved 1114112K
  class space    used 5334K, committed 5568K, reserved 1048576K
}
Event: 5.300 GC heap after
{Heap after GC invocations=12 (full 0):
 garbage-first heap   total 65536K, used 27935K [0x0000000085800000, 0x0000000100000000)
  region size 1024K, 1 young (1024K), 1 survivors (1024K)
 Metaspace       used 40834K, committed 41280K, reserved 1114112K
  class space    used 5334K, committed 5568K, reserved 1048576K
}
Event: 5.875 GC heap before
{Heap before GC invocations=12 (full 0):
 garbage-first heap   total 65536K, used 48415K [0x0000000085800000, 0x0000000100000000)
  region size 1024K, 21 young (21504K), 1 survivors (1024K)
 Metaspace       used 45647K, committed 46144K, reserved 1114112K
  class space    used 5997K, committed 6208K, reserved 1048576K
}
Event: 5.878 GC heap after
{Heap after GC invocations=13 (full 0):
 garbage-first heap   total 84992K, used 28817K [0x0000000085800000, 0x0000000100000000)
  region size 1024K, 2 young (2048K), 2 survivors (2048K)
 Metaspace       used 45647K, committed 46144K, reserved 1114112K
  class space    used 5997K, committed 6208K, reserved 1048576K
}
Event: 6.768 GC heap before
{Heap before GC invocations=13 (full 0):
 garbage-first heap   total 84992K, used 62609K [0x0000000085800000, 0x0000000100000000)
  region size 1024K, 35 young (35840K), 2 survivors (2048K)
 Metaspace       used 55582K, committed 56128K, reserved 1114112K
  class space    used 7582K, committed 7872K, reserved 1048576K
}
Event: 6.771 GC heap after
{Heap after GC invocations=14 (full 0):
 garbage-first heap   total 84992K, used 30193K [0x0000000085800000, 0x0000000100000000)
  region size 1024K, 3 young (3072K), 3 survivors (3072K)
 Metaspace       used 55582K, committed 56128K, reserved 1114112K
  class space    used 7582K, committed 7872K, reserved 1048576K
}
Event: 7.475 GC heap before
{Heap before GC invocations=14 (full 0):
 garbage-first heap   total 84992K, used 56817K [0x0000000085800000, 0x0000000100000000)
  region size 1024K, 30 young (30720K), 3 survivors (3072K)
 Metaspace       used 59732K, committed 60288K, reserved 1114112K
  class space    used 8116K, committed 8384K, reserved 1048576K
}
Event: 7.481 GC heap after
{Heap after GC invocations=15 (full 0):
 garbage-first heap   total 84992K, used 32871K [0x0000000085800000, 0x0000000100000000)
  region size 1024K, 5 young (5120K), 5 survivors (5120K)
 Metaspace       used 59732K, committed 60288K, reserved 1114112K
  class space    used 8116K, committed 8384K, reserved 1048576K
}
Event: 26.458 GC heap before
{Heap before GC invocations=16 (full 0):
 garbage-first heap   total 84992K, used 65639K [0x0000000085800000, 0x0000000100000000)
  region size 1024K, 37 young (37888K), 5 survivors (5120K)
 Metaspace       used 62719K, committed 63296K, reserved 1114112K
  class space    used 8561K, committed 8832K, reserved 1048576K
}
Event: 26.463 GC heap after
{Heap after GC invocations=17 (full 0):
 garbage-first heap   total 84992K, used 35426K [0x0000000085800000, 0x0000000100000000)
  region size 1024K, 3 young (3072K), 3 survivors (3072K)
 Metaspace       used 62719K, committed 63296K, reserved 1114112K
  class space    used 8561K, committed 8832K, reserved 1048576K
}
Event: 26.482 GC heap before
{Heap before GC invocations=17 (full 0):
 garbage-first heap   total 84992K, used 35426K [0x0000000085800000, 0x0000000100000000)
  region size 1024K, 4 young (4096K), 3 survivors (3072K)
 Metaspace       used 62919K, committed 63552K, reserved 1114112K
  class space    used 8593K, committed 8896K, reserved 1048576K
}
Event: 26.485 GC heap after
{Heap after GC invocations=18 (full 0):
 garbage-first heap   total 84992K, used 35361K [0x0000000085800000, 0x0000000100000000)
  region size 1024K, 1 young (1024K), 1 survivors (1024K)
 Metaspace       used 62919K, committed 63552K, reserved 1114112K
  class space    used 8593K, committed 8896K, reserved 1048576K
}

